<?xml version="1.0" encoding="UTF-8"?>
<testsuite name="dominio.unitaria.BibliotecarioTest" tests="2" skipped="0" failures="0" errors="0" timestamp="2018-03-22T16:18:38" hostname="QXCO250" time="0.283">
  <properties/>
  <testcase name="esPrestadoTest" classname="dominio.unitaria.BibliotecarioTest" time="0.28"/>
  <testcase name="libroNoPrestadoTest" classname="dominio.unitaria.BibliotecarioTest" time="0.003"/>
  <system-out><![CDATA[]]></system-out>
  <system-err><![CDATA[]]></system-err>
</testsuite>
