<?xml version="1.0" encoding="UTF-8"?>
<testsuite name="dominio.unitaria.UtilidadesFechaTest" tests="2" skipped="0" failures="0" errors="0" timestamp="2018-03-22T16:18:38" hostname="QXCO250" time="0.015">
  <properties/>
  <testcase name="testPrestamoHasta" classname="dominio.unitaria.UtilidadesFechaTest" time="0.008"/>
  <testcase name="testPrestamoHastaM" classname="dominio.unitaria.UtilidadesFechaTest" time="0.007"/>
  <system-out><![CDATA[]]></system-out>
  <system-err><![CDATA[]]></system-err>
</testsuite>
